TN:
SF:src/index.ts
FN:37,(anonymous_0)
FN:40,(anonymous_1)
FN:97,(anonymous_2)
FN:43,(anonymous_3)
FN:48,(anonymous_4)
FN:53,(anonymous_5)
FN:57,(anonymous_6)
FN:62,createMatch
FN:66,endMatch
FN:72,handlePeerStateChange
FN:76,submitScore
FN:80,notifyScoreSubmitted
FN:84,attemptMatchmaking
FN:88,notifyPotentialMatch
FN:92,handleProposalTimeout
FNF:15
FNH:7
FNDA:0,(anonymous_0)
FNDA:0,(anonymous_1)
FNDA:2,(anonymous_2)
FNDA:0,(anonymous_3)
FNDA:0,(anonymous_4)
FNDA:0,(anonymous_5)
FNDA:0,(anonymous_6)
FNDA:2,createMatch
FNDA:0,endMatch
FNDA:1,handlePeerStateChange
FNDA:2,submitScore
FNDA:1,notifyScoreSubmitted
FNDA:2,attemptMatchmaking
FNDA:0,notifyPotentialMatch
FNDA:1,handleProposalTimeout
DA:4,4
DA:5,4
DA:6,4
DA:7,4
DA:8,4
DA:17,4
DA:18,4
DA:23,4
DA:31,4
DA:32,4
DA:33,4
DA:34,4
DA:37,4
DA:40,4
DA:43,4
DA:44,0
DA:45,0
DA:48,4
DA:49,0
DA:50,0
DA:53,4
DA:54,0
DA:57,4
DA:58,0
DA:62,4
DA:63,2
DA:66,4
DA:67,0
DA:72,4
DA:73,1
DA:76,4
DA:77,2
DA:80,4
DA:81,1
DA:84,4
DA:85,2
DA:88,4
DA:89,0
DA:92,4
DA:93,1
DA:97,6
DA:100,4
DA:101,0
LF:43
LH:34
BRDA:62,0,0,1
BRDA:100,1,0,0
BRF:2
BRH:1
end_of_record
TN:
SF:src/match/match.ts
FN:7,createMatch
FN:18,(anonymous_1)
FN:30,(anonymous_2)
FN:47,endMatch
FN:89,calculateFinalScore
FN:113,(anonymous_5)
FN:119,leavePeerFromMatch
FN:158,assignNewHost
FN:196,notifyMatchReconnection
FN:219,notifyMatchCreated
FNF:10
FNH:7
FNDA:2,createMatch
FNDA:0,(anonymous_1)
FNDA:4,(anonymous_2)
FNDA:0,endMatch
FNDA:2,calculateFinalScore
FNDA:6,(anonymous_5)
FNDA:0,leavePeerFromMatch
FNDA:3,assignNewHost
FNDA:1,notifyMatchReconnection
FNDA:2,notifyMatchCreated
DA:1,4
DA:3,4
DA:4,4
DA:7,4
DA:14,2
DA:15,2
DA:18,2
DA:19,0
DA:23,2
DA:30,4
DA:35,2
DA:38,2
DA:39,4
DA:43,2
DA:47,4
DA:53,0
DA:54,0
DA:57,0
DA:60,0
DA:63,0
DA:64,0
DA:65,0
DA:66,0
DA:69,0
DA:81,0
DA:85,0
DA:89,4
DA:91,2
DA:94,2
DA:95,6
DA:96,6
DA:97,6
DA:102,2
DA:103,2
DA:105,2
DA:106,6
DA:107,2
DA:108,2
DA:113,6
DA:114,0
DA:119,4
DA:125,0
DA:126,0
DA:128,0
DA:131,0
DA:132,0
DA:133,0
DA:137,0
DA:138,0
DA:142,0
DA:143,0
DA:144,0
DA:145,0
DA:146,0
DA:158,4
DA:160,3
DA:161,6
DA:162,3
DA:165,3
DA:166,3
DA:167,3
DA:176,3
DA:177,7
DA:178,1
DA:179,1
DA:180,1
DA:190,3
DA:196,4
DA:201,1
DA:203,1
DA:205,1
DA:219,4
DA:220,2
DA:221,4
DA:222,4
DA:223,4
LF:76
LH:50
BRDA:54,0,0,0
BRDA:65,1,0,0
BRDA:65,2,0,0
BRDA:65,2,1,0
BRDA:95,3,0,6
BRDA:96,4,0,6
BRDA:96,4,1,6
BRDA:106,5,0,2
BRDA:113,6,0,0
BRDA:113,7,0,2
BRDA:113,7,1,2
BRDA:126,8,0,0
BRDA:131,9,0,0
BRDA:137,10,0,0
BRDA:137,11,0,0
BRDA:137,11,1,0
BRDA:143,12,0,0
BRDA:143,13,0,0
BRDA:143,13,1,0
BRDA:145,14,0,0
BRDA:161,15,0,3
BRDA:161,16,0,6
BRDA:161,16,1,3
BRDA:166,17,0,3
BRDA:177,18,0,1
BRDA:177,19,0,7
BRDA:177,19,1,4
BRDA:179,20,0,1
BRDA:203,21,0,1
BRDA:222,22,0,4
BRF:30
BRH:16
end_of_record
