TN:
SF:src/index.ts
FN:37,(anonymous_0)
FN:40,(anonymous_1)
FN:99,(anonymous_2)
FN:43,(anonymous_3)
FN:48,(anonymous_4)
FN:53,(anonymous_5)
FN:57,(anonymous_6)
FN:62,createMatch
FN:66,endMatch
FN:70,assignNewHost
FN:74,handlePeerStateChange
FN:78,submitScore
FN:82,notifyScoreSubmitted
FN:86,attemptMatchmaking
FN:90,notifyPotentialMatch
FN:94,handleProposalTimeout
FNF:16
FNH:8
FNDA:0,(anonymous_0)
FNDA:0,(anonymous_1)
FNDA:2,(anonymous_2)
FNDA:0,(anonymous_3)
FNDA:0,(anonymous_4)
FNDA:0,(anonymous_5)
FNDA:0,(anonymous_6)
FNDA:2,createMatch
FNDA:0,endMatch
FNDA:1,assignNewHost
FNDA:1,handlePeerStateChange
FNDA:2,submitScore
FNDA:1,notifyScoreSubmitted
FNDA:2,attemptMatchmaking
FNDA:0,notifyPotentialMatch
FNDA:1,handleProposalTimeout
DA:4,4
DA:5,4
DA:6,4
DA:7,4
DA:8,4
DA:17,4
DA:18,4
DA:23,4
DA:31,4
DA:32,4
DA:33,4
DA:34,4
DA:37,4
DA:40,4
DA:43,4
DA:44,0
DA:45,0
DA:48,4
DA:49,0
DA:50,0
DA:53,4
DA:54,0
DA:57,4
DA:58,0
DA:62,4
DA:63,2
DA:66,4
DA:67,0
DA:70,4
DA:71,1
DA:74,4
DA:75,1
DA:78,4
DA:79,2
DA:82,4
DA:83,1
DA:86,4
DA:87,2
DA:90,4
DA:91,0
DA:94,4
DA:95,1
DA:99,6
DA:102,4
DA:103,0
LF:45
LH:36
BRDA:62,0,0,1
BRDA:102,1,0,0
BRF:2
BRH:1
end_of_record
TN:
SF:src/match/match.ts
FN:7,createMatch
FN:18,(anonymous_1)
FN:30,(anonymous_2)
FN:47,endMatch
FN:89,calculateFinalScore
FN:113,(anonymous_5)
FN:119,leavePeerFromMatch
FN:158,assignNewHost
FN:196,notifyMatchReconnection
FN:219,notifyMatchCreated
FNF:10
FNH:7
FNDA:2,createMatch
FNDA:0,(anonymous_1)
FNDA:4,(anonymous_2)
FNDA:0,endMatch
FNDA:2,calculateFinalScore
FNDA:6,(anonymous_5)
FNDA:0,leavePeerFromMatch
FNDA:3,assignNewHost
FNDA:1,notifyMatchReconnection
FNDA:2,notifyMatchCreated
DA:1,4
DA:3,4
DA:4,4
DA:7,4
DA:14,2
DA:15,2
DA:18,2
DA:19,0
DA:23,2
DA:30,4
DA:35,2
DA:38,2
DA:39,4
DA:43,2
DA:47,4
DA:53,0
DA:54,0
DA:57,0
DA:60,0
DA:63,0
DA:64,0
DA:65,0
DA:66,0
DA:69,0
DA:81,0
DA:85,0
DA:89,4
DA:91,2
DA:94,2
DA:95,6
DA:96,6
DA:97,6
DA:102,2
DA:103,2
DA:105,2
DA:106,6
DA:107,2
DA:108,2
DA:113,6
DA:114,0
DA:119,4
DA:125,0
DA:126,0
DA:128,0
DA:131,0
DA:132,0
DA:133,0
DA:137,0
DA:138,0
DA:142,0
DA:143,0
DA:144,0
DA:145,0
DA:146,0
DA:158,4
DA:160,3
DA:161,6
DA:162,3
DA:165,3
DA:166,3
DA:167,3
DA:176,3
DA:177,7
DA:178,1
DA:179,1
DA:180,1
DA:190,3
DA:196,4
DA:201,1
DA:203,1
DA:205,1
DA:219,4
DA:220,2
DA:221,4
DA:222,4
DA:223,4
LF:76
LH:50
BRDA:54,0,0,0
BRDA:65,1,0,0
BRDA:65,2,0,0
BRDA:65,2,1,0
BRDA:95,3,0,6
BRDA:96,4,0,6
BRDA:96,4,1,6
BRDA:106,5,0,2
BRDA:113,6,0,0
BRDA:113,7,0,2
BRDA:113,7,1,2
BRDA:126,8,0,0
BRDA:131,9,0,0
BRDA:137,10,0,0
BRDA:137,11,0,0
BRDA:137,11,1,0
BRDA:143,12,0,0
BRDA:143,13,0,0
BRDA:143,13,1,0
BRDA:145,14,0,0
BRDA:161,15,0,3
BRDA:161,16,0,6
BRDA:161,16,1,3
BRDA:166,17,0,3
BRDA:177,18,0,1
BRDA:177,19,0,7
BRDA:177,19,1,4
BRDA:179,20,0,1
BRDA:203,21,0,1
BRDA:222,22,0,4
BRF:30
BRH:16
end_of_record
TN:
SF:src/matchmaking/matchmaking.ts
FN:8,attemptMatchmaking
FN:44,notifyPotentialMatch
FN:57,(anonymous_2)
FN:98,(anonymous_3)
FN:108,handleProposalTimeout
FNF:5
FNH:4
FNDA:2,attemptMatchmaking
FNDA:1,notifyPotentialMatch
FNDA:0,(anonymous_2)
FNDA:1,(anonymous_3)
FNDA:1,handleProposalTimeout
DA:1,4
DA:3,4
DA:4,4
DA:8,4
DA:16,2
DA:17,2
DA:20,2
DA:22,2
DA:23,3
DA:24,1
DA:27,1
DA:28,1
DA:34,2
DA:35,1
DA:44,4
DA:50,1
DA:51,1
DA:54,1
DA:57,1
DA:58,0
DA:66,1
DA:74,1
DA:77,1
DA:89,1
DA:90,1
DA:91,1
DA:92,1
DA:98,1
DA:108,4
DA:113,1
DA:114,1
DA:117,1
DA:120,1
DA:121,2
DA:122,2
DA:124,2
DA:125,1
DA:128,1
DA:139,1
DA:153,1
LF:40
LH:39
BRDA:17,0,0,0
BRDA:17,1,0,2
BRDA:17,1,1,2
BRDA:23,2,0,1
BRDA:23,3,0,3
BRDA:23,3,1,1
BRDA:27,4,0,1
BRDA:34,5,0,1
BRDA:51,6,0,0
BRDA:91,7,0,1
BRDA:114,8,0,0
BRDA:122,9,0,2
BRDA:124,10,0,1
BRDA:124,10,1,1
BRF:14
BRH:11
end_of_record
TN:
SF:src/peerConnection/peerConnection.ts
FN:11,handlePeerStateChange
FN:195,handlePeerConnection
FN:251,handlePeerDisconnection
FN:302,handlePeerMessage
FNF:4
FNH:3
FNDA:1,handlePeerStateChange
FNDA:2,handlePeerConnection
FNDA:3,handlePeerDisconnection
FNDA:0,handlePeerMessage
DA:2,4
DA:4,4
DA:5,4
DA:6,4
DA:7,4
DA:8,4
DA:11,4
DA:19,1
DA:20,1
DA:22,1
DA:25,1
DA:27,0
DA:28,0
DA:29,0
DA:37,0
DA:40,0
DA:41,0
DA:43,0
DA:45,0
DA:48,0
DA:50,0
DA:51,0
DA:53,0
DA:54,0
DA:57,0
DA:59,0
DA:62,0
DA:64,0
DA:67,1
DA:68,1
DA:69,1
DA:71,1
DA:73,1
DA:74,1
DA:76,1
DA:79,1
DA:80,2
DA:81,2
DA:82,2
DA:97,1
DA:100,1
DA:102,1
DA:105,1
DA:106,2
DA:107,2
DA:108,2
DA:115,1
DA:116,1
DA:119,1
DA:122,0
DA:125,0
DA:128,1
DA:131,0
DA:132,0
DA:133,0
DA:135,0
DA:137,0
DA:140,0
DA:141,0
DA:142,0
DA:143,0
DA:154,0
DA:155,0
DA:161,0
DA:164,0
DA:167,0
DA:170,0
DA:171,0
DA:172,0
DA:173,0
DA:174,0
DA:182,0
DA:185,0
DA:187,0
DA:191,1
DA:195,4
DA:201,2
DA:202,2
DA:205,2
DA:210,2
DA:211,2
DA:213,2
DA:214,2
DA:215,1
DA:216,1
DA:218,1
DA:219,1
DA:222,1
DA:225,1
DA:226,2
DA:227,0
DA:228,0
DA:229,0
DA:240,0
DA:241,0
DA:245,1
DA:251,4
DA:257,3
DA:258,3
DA:261,3
DA:265,3
DA:268,3
DA:269,2
DA:270,2
DA:271,2
DA:274,2
DA:275,4
DA:276,2
DA:277,2
DA:278,2
DA:289,2
DA:290,2
DA:294,2
DA:295,0
DA:302,4
DA:311,0
DA:312,0
DA:314,0
DA:315,0
DA:316,0
DA:326,0
LF:121
LH:68
BRDA:22,0,0,0
BRDA:25,1,0,0
BRDA:25,1,1,0
BRDA:25,1,2,0
BRDA:25,1,3,1
BRDA:25,1,4,0
BRDA:25,1,5,0
BRDA:27,2,0,0
BRDA:27,2,1,0
BRDA:40,3,0,0
BRDA:40,3,1,0
BRDA:40,4,0,0
BRDA:40,4,1,0
BRDA:48,5,0,0
BRDA:48,5,1,0
BRDA:48,6,0,0
BRDA:48,6,1,0
BRDA:51,7,0,0
BRDA:51,7,1,0
BRDA:53,8,0,0
BRDA:53,9,0,0
BRDA:53,9,1,0
BRDA:67,10,0,1
BRDA:67,11,0,1
BRDA:67,11,1,1
BRDA:71,12,0,1
BRDA:71,12,1,0
BRDA:74,13,0,1
BRDA:74,13,1,0
BRDA:81,14,0,2
BRDA:100,15,0,1
BRDA:107,16,0,2
BRDA:131,17,0,0
BRDA:131,18,0,0
BRDA:131,18,1,0
BRDA:135,19,0,0
BRDA:142,20,0,0
BRDA:154,21,0,0
BRDA:170,22,0,0
BRDA:170,22,1,0
BRDA:170,23,0,0
BRDA:170,23,1,0
BRDA:172,24,0,0
BRDA:172,24,1,0
BRDA:172,25,0,0
BRDA:172,25,1,0
BRDA:172,25,2,0
BRDA:211,26,0,2
BRDA:214,27,0,1
BRDA:214,27,1,1
BRDA:216,28,0,1
BRDA:216,28,1,0
BRDA:226,29,0,0
BRDA:226,30,0,2
BRDA:226,30,1,1
BRDA:228,31,0,0
BRDA:268,32,0,2
BRDA:270,33,0,2
BRDA:275,34,0,2
BRDA:275,35,0,4
BRDA:275,35,1,2
BRDA:277,36,0,2
BRDA:289,37,0,2
BRDA:289,38,0,2
BRDA:289,38,1,2
BRDA:294,39,0,0
BRDA:314,40,0,0
BRDA:314,41,0,0
BRDA:314,41,1,0
BRF:69
BRH:24
end_of_record
TN:
SF:src/score/score.ts
FN:5,submitScore
FN:19,notifyScoreSubmitted
FNF:2
FNH:2
FNDA:2,submitScore
FNDA:1,notifyScoreSubmitted
DA:1,4
DA:5,4
DA:11,2
DA:12,2
DA:15,1
DA:19,4
DA:26,1
DA:27,1
DA:29,1
DA:30,2
DA:31,2
DA:32,2
DA:33,2
LF:13
LH:13
BRDA:12,0,0,1
BRDA:27,1,0,0
BRDA:30,2,0,2
BRDA:32,3,0,2
BRF:4
BRH:3
end_of_record
TN:
SF:src/server/config.ts
FNF:0
FNH:0
DA:4,4
DA:5,4
DA:8,4
DA:11,4
DA:12,4
LF:5
LH:5
BRDA:4,0,0,4
BRDA:4,0,1,4
BRDA:5,1,0,4
BRDA:5,1,1,4
BRF:4
BRH:4
end_of_record
TN:
SF:src/server/server.ts
FN:24,startServer
FN:25,(anonymous_2)
FNF:2
FNH:0
FNDA:0,startServer
FNDA:0,(anonymous_2)
DA:1,4
DA:2,4
DA:3,4
DA:4,4
DA:5,4
DA:8,4
DA:9,4
DA:10,4
DA:13,4
DA:16,4
DA:24,4
DA:25,0
DA:26,0
DA:27,0
LF:14
LH:11
BRF:0
BRH:0
end_of_record
TN:
SF:src/types/index.ts
FN:20,(anonymous_0)
FN:21,(anonymous_1)
FN:22,(anonymous_2)
FN:23,(anonymous_3)
FNF:4
FNH:0
FNDA:0,(anonymous_0)
FNDA:0,(anonymous_1)
FNDA:0,(anonymous_2)
FNDA:0,(anonymous_3)
DA:2,4
DA:20,4
DA:21,4
DA:22,4
DA:23,4
LF:5
LH:5
BRF:0
BRH:0
end_of_record
TN:
SF:src/utils/helpers.ts
FN:6,changeAndNotifyStatusChange
FN:19,notifyError
FN:31,generateProposalId
FN:36,broadcastPeerUpdate
FNF:4
FNH:2
FNDA:6,changeAndNotifyStatusChange
FNDA:0,notifyError
FNDA:1,generateProposalId
FNDA:0,broadcastPeerUpdate
DA:2,4
DA:6,4
DA:7,6
DA:8,6
DA:14,6
DA:15,6
DA:19,4
DA:20,0
DA:21,0
DA:27,0
DA:31,4
DA:32,1
DA:36,4
DA:37,0
DA:39,0
DA:40,0
LF:16
LH:10
BRF:0
BRH:0
end_of_record
